<?xml version="1.0" encoding="UTF-8"?>
<!-- Generated by org.testng.reporters.JUnitXMLReporter -->
<testsuite ignored="0" hostname="LAPTOP-6H0FSJA9" failures="0" tests="6" name="Test" time="2.576" errors="0" timestamp="2022-11-24T07:59:56 IST">
  <testcase classname="com.qa.employeestestcases.TC__001__GET__AllEmployess" name="checkResponseBody" time="0.019"/>
  <testcase classname="com.qa.employeestestcases.TC__001__GET__AllEmployess" name="checkresponsetime" time="0.001"/>
  <testcase classname="com.qa.employeestestcases.TC__001__GET__AllEmployess" name="checkstatuscode" time="0.001"/>
  <testcase classname="com.qa.employeestestcases.TC__001__GET__AllEmployess" name="checkstatusline" time="0.001"/>
  <testcase classname="com.qa.employeestestcases.TC__001__GET__AllEmployess" name="contenttype" time="0.001"/>
  <testcase classname="com.qa.employeestestcases.TC__001__GET__AllEmployess" name="servertype" time="0.001"/>
</testsuite> <!-- Test -->
