<?xml version="1.0" encoding="UTF-8"?>
<!-- Generated by org.testng.reporters.JUnitXMLReporter -->
<testsuite ignored="0" hostname="LAPTOP-6H0FSJA9" failures="0" tests="6" name="Test on single employee" time="1.521" errors="0" timestamp="2022-11-24T07:59:57 IST">
  <testcase classname="com.qa.employeestestcases.TC__002__GetSingleEmployee" name="checkResponseBody" time="0.003"/>
  <testcase classname="com.qa.employeestestcases.TC__002__GetSingleEmployee" name="checkresponsetime" time="0.001"/>
  <testcase classname="com.qa.employeestestcases.TC__002__GetSingleEmployee" name="checkstatuscode" time="0.001"/>
  <testcase classname="com.qa.employeestestcases.TC__002__GetSingleEmployee" name="checkstatusline" time="0.0"/>
  <testcase classname="com.qa.employeestestcases.TC__002__GetSingleEmployee" name="contenttype" time="0.001"/>
  <testcase classname="com.qa.employeestestcases.TC__002__GetSingleEmployee" name="servertype" time="0.0"/>
</testsuite> <!-- Test on single employee -->
